<?xml version="1.0" encoding="UTF-8"?>
<!-- Generated by org.testng.reporters.JUnitReportReporter -->
<testsuite hostname="DESKTOP-AQPL7T6" failures="0" tests="5" name="tests.UserLogin" time="40.049" errors="0" timestamp="10 Jan 2022 14:56:06 GMT" skipped="0">
  <testcase classname="tests.UserLogin" name="verify_logging_in_without_providing_credentials" time="9.268"/>
  <testcase classname="tests.UserLogin" name="verify_logging_in_with_invalid_email_and_invalid_password" time="8.438"/>
  <testcase classname="tests.UserLogin" name="verify_logging_in_with_invalid_email_and_valid_password" time="7.884"/>
  <testcase classname="tests.UserLogin" name="verify_logging_in_with_valid_email_and_invalid_password" time="7.313"/>
  <testcase classname="tests.UserLogin" name="verify_logging_in_with_valid_email_and_valid_password" time="7.146"/>
</testsuite> <!-- tests.UserLogin -->
