<?xml version="1.0" encoding="UTF-8"?>
<!-- Generated by org.testng.reporters.JUnitReportReporter -->
<testsuite hostname="DESKTOP-AQPL7T6" failures="0" tests="4" name="tests.ForgotPassword" time="19.591" errors="0" timestamp="10 Jan 2022 14:56:06 GMT" skipped="0">
  <testcase classname="tests.ForgotPassword" name="verify_error_when_providing_a_null_value_for_email" time="9.766"/>
  <testcase classname="tests.ForgotPassword" name="verify_error_when_providing_an_invalid_email" time="3.268"/>
  <testcase classname="tests.ForgotPassword" name="verify_error_when_providing_an_unregistered_email" time="2.758"/>
  <testcase classname="tests.ForgotPassword" name="verify_email_is_sent_when_providing_a_valid_email_address" time="3.799"/>
</testsuite> <!-- tests.ForgotPassword -->
