<?xml version="1.0" encoding="UTF-8"?>
<!-- Generated by org.testng.reporters.JUnitReportReporter -->
<testsuite hostname="DESKTOP-AQPL7T6" failures="0" tests="5" name="tests.FoodMenu" time="20.300" errors="0" timestamp="07 Jan 2022 10:12:43 GMT" skipped="0">
  <testcase classname="tests.FoodMenu" name="selecting_the_first_item_from_the_menu" time="8.764"/>
  <testcase classname="tests.FoodMenu" name="increase_the_quantity_of_the_item_selected" time="2.172"/>
  <testcase classname="tests.FoodMenu" name="decreased_the_quantity_of_the_item_selected" time="2.084"/>
  <testcase classname="tests.FoodMenu" name="remove_the_selected_item_from_the_cart" time="2.103"/>
  <testcase classname="tests.FoodMenu" name="add_the_selected_item_to_the_cart" time="5.177"/>
</testsuite> <!-- tests.FoodMenu -->
