<?xml version="1.0" encoding="UTF-8"?>
<!-- Generated by org.testng.reporters.JUnitReportReporter -->
<testsuite hostname="DESKTOP-AQPL7T6" failures="0" tests="1" name="tests.BaseClass" time="11.028" errors="0" timestamp="04 Jan 2022 12:49:48 GMT" skipped="0">
  <testcase classname="tests.BaseClass" name="sampleTest1" time="11.028"/>
</testsuite> <!-- tests.BaseClass -->
