<?xml version="1.0" encoding="UTF-8"?>
<!-- Generated by org.testng.reporters.JUnitReportReporter -->
<testsuite hostname="DESKTOP-AQPL7T6" failures="0" tests="11" name="tests.UserRegistration" time="115.834" errors="0" timestamp="10 Jan 2022 14:56:06 GMT" skipped="0">
  <testcase classname="tests.UserRegistration" name="verify_error_when_providing_null_values_for_all_fields" time="11.343"/>
  <testcase classname="tests.UserRegistration" name="verify_error_when_providing_a_null_value_for_name" time="12.347"/>
  <testcase classname="tests.UserRegistration" name="verify_error_when_providing_a_null_value_for_email" time="9.011"/>
  <testcase classname="tests.UserRegistration" name="verify_error_when_providing_an_invalid__email" time="10.645"/>
  <testcase classname="tests.UserRegistration" name="verify_error_when_providing_an_email_that_is_already_in_use" time="10.607"/>
  <testcase classname="tests.UserRegistration" name="verify_error_when_providing_a_null_value_for_mobile_number" time="9.945"/>
  <testcase classname="tests.UserRegistration" name="verify_error_when_providing_an_invalid_mobile_number" time="11.589"/>
  <testcase classname="tests.UserRegistration" name="verify_error_when_providing_a_null_value_for_password" time="8.784"/>
  <testcase classname="tests.UserRegistration" name="verify_error_when_providing_a_password_less_than_6_characters" time="11.198"/>
  <testcase classname="tests.UserRegistration" name="verify_error_when_password_and_confirm_password_doesnt_match" time="11.110"/>
  <testcase classname="tests.UserRegistration" name="verify_successful_register_by_providing_all_valid_values" time="9.255"/>
</testsuite> <!-- tests.UserRegistration -->
