<?xml version="1.0" encoding="UTF-8"?>
<!-- Generated by org.testng.reporters.JUnitReportReporter -->
<testsuite hostname="DESKTOP-AQPL7T6" failures="0" tests="1" name="tests.tests" time="15.993" errors="0" timestamp="06 Jan 2022 10:16:15 GMT" skipped="0">
  <testcase classname="tests.tests" name="sampleTest2" time="15.993"/>
</testsuite> <!-- tests.tests -->
