<?xml version="1.0" encoding="UTF-8"?>
<!-- Generated by org.testng.reporters.JUnitReportReporter -->
<testsuite hostname="DESKTOP-AQPL7T6" failures="0" tests="5" name="tests.OrderItem" time="22.385" errors="0" timestamp="07 Jan 2022 11:18:39 GMT" skipped="0">
  <testcase classname="tests.OrderItem" name="selecting_the_first_item_from_the_menu" time="7.892"/>
  <testcase classname="tests.OrderItem" name="increase_the_quantity_of_the_item_selected" time="5.165"/>
  <testcase classname="tests.OrderItem" name="decreased_the_quantity_of_the_item_selected" time="2.069"/>
  <testcase classname="tests.OrderItem" name="add_the_selected_item_to_the_cart" time="5.140"/>
  <testcase classname="tests.OrderItem" name="remove_the_selected_item_from_the_cart" time="2.119"/>
</testsuite> <!-- tests.OrderItem -->
