<?xml version="1.0" encoding="UTF-8"?>
<!-- Generated by org.testng.reporters.JUnitReportReporter -->
<testsuite hostname="DESKTOP-AQPL7T6" failures="0" tests="4" name="tests.ForgotPassword" time="20.974" errors="0" timestamp="07 Jan 2022 11:18:39 GMT" skipped="0">
  <testcase classname="tests.ForgotPassword" name="verify_error_when_providing_a_null_value_for_email" time="10.674"/>
  <testcase classname="tests.ForgotPassword" name="verify_error_when_providing_an_invalid_email" time="3.252"/>
  <testcase classname="tests.ForgotPassword" name="verify_error_when_providing_an_unregistered_email" time="3.262"/>
  <testcase classname="tests.ForgotPassword" name="verify_email_is_sent_when_providing_a_valid_email_address" time="3.786"/>
</testsuite> <!-- tests.ForgotPassword -->
