<?xml version="1.0" encoding="UTF-8"?>
<!-- Generated by org.testng.reporters.JUnitReportReporter -->
<testsuite hostname="DESKTOP-AQPL7T6" failures="0" tests="1" name="tests.Logout" time="18.706" errors="0" timestamp="07 Jan 2022 11:18:39 GMT" skipped="0">
  <testcase classname="tests.Logout" name="verify_logging_out_by_logout_option_in_side_menu" time="18.706"/>
</testsuite> <!-- tests.Logout -->
