<?xml version="1.0" encoding="UTF-8"?>
<!-- Generated by org.testng.reporters.JUnitReportReporter -->
<testsuite hostname="DESKTOP-AQPL7T6" failures="0" tests="5" name="tests.UserLogin" time="38.812" errors="0" timestamp="07 Jan 2022 11:18:39 GMT" skipped="0">
  <testcase classname="tests.UserLogin" name="verify_logging_in_without_providing_credentials" time="9.444"/>
  <testcase classname="tests.UserLogin" name="verify_logging_in_with_invalid_email_and_invalid_password" time="7.449"/>
  <testcase classname="tests.UserLogin" name="verify_logging_in_with_invalid_email_and_valid_password" time="7.382"/>
  <testcase classname="tests.UserLogin" name="verify_logging_in_with_valid_email_and_invalid_password" time="7.382"/>
  <testcase classname="tests.UserLogin" name="verify_logging_in_with_valid_email_and_valid_password" time="7.155"/>
</testsuite> <!-- tests.UserLogin -->
