<?xml version="1.0" encoding="UTF-8"?>
<!-- Generated by org.testng.reporters.JUnitReportReporter -->
<testsuite hostname="DESKTOP-AQPL7T6" failures="0" tests="11" name="tests.UserRegistration" time="115.953" errors="0" timestamp="07 Jan 2022 11:18:39 GMT" skipped="0">
  <testcase classname="tests.UserRegistration" name="verify_error_when_providing_null_values_for_all_fields" time="11.674"/>
  <testcase classname="tests.UserRegistration" name="verify_error_when_providing_a_null_value_for_name" time="11.998"/>
  <testcase classname="tests.UserRegistration" name="verify_error_when_providing_a_null_value_for_email" time="10.002"/>
  <testcase classname="tests.UserRegistration" name="verify_error_when_providing_an_invalid__email" time="10.649"/>
  <testcase classname="tests.UserRegistration" name="verify_error_when_providing_an_email_that_is_already_in_use" time="11.628"/>
  <testcase classname="tests.UserRegistration" name="verify_error_when_providing_a_null_value_for_mobile_number" time="10.282"/>
  <testcase classname="tests.UserRegistration" name="verify_error_when_providing_an_invalid_mobile_number" time="11.119"/>
  <testcase classname="tests.UserRegistration" name="verify_error_when_providing_a_null_value_for_password" time="7.933"/>
  <testcase classname="tests.UserRegistration" name="verify_error_when_providing_a_password_less_than_6_characters" time="11.729"/>
  <testcase classname="tests.UserRegistration" name="verify_error_when_password_and_confirm_password_doesnt_match" time="10.653"/>
  <testcase classname="tests.UserRegistration" name="verify_successful_register_by_providing_all_valid_values" time="8.286"/>
</testsuite> <!-- tests.UserRegistration -->
